p/poz0188.jpg 1 0 0 180 120
p/poz0266.jpg 1 0 0 180 120
p/poz0185.jpg 1 0 0 180 120
p/poz0215.jpg 1 0 0 180 120
p/poz0256.jpg 1 0 0 180 120
p/poz0257.jpg 1 0 0 180 120
p/poz0244.jpg 1 0 0 180 120
p/poz0325.jpg 1 0 0 180 120
p/poz0164.jpg 1 0 0 180 120
p/poz0149.jpg 1 0 0 180 120
p/poz0163.jpg 1 0 0 180 120
p/poz0275.jpg 1 0 0 180 120
p/poz0150.jpg 1 0 0 180 120
p/poz0170.jpg 1 0 0 180 120
p/poz0177.jpg 1 0 0 180 120
p/poz0270.jpg 1 0 0 180 120
p/poz0247.jpg 1 0 0 180 120
p/poz0252.jpg 1 0 0 180 120
p/poz0258.jpg 1 0 0 180 120
p/poz0213.jpg 1 0 0 180 120
p/poz0220.jpg 1 0 0 180 120
p/poz0171.jpg 1 0 0 180 120
p/poz0141.jpg 1 0 0 180 120
p/poz0142.jpg 1 0 0 180 120
p/poz0228.jpg 1 0 0 180 120
p/poz0203.jpg 1 0 0 180 120
p/poz0250.jpg 1 0 0 180 120
p/poz0211.jpg 1 0 0 180 120
p/poz0156.jpg 1 0 0 180 120
p/poz0281.jpg 1 0 0 180 120
p/poz0205.jpg 1 0 0 180 120
p/poz0249.jpg 1 0 0 180 120
p/poz0168.jpg 1 0 0 180 120
p/poz0136.jpg 1 0 0 180 120
p/poz0200.jpg 1 0 0 180 120
p/poz0236.jpg 1 0 0 180 120
p/poz0221.jpg 1 0 0 180 120
p/poz0143.jpg 1 0 0 180 120
p/poz0194.jpg 1 0 0 180 120
p/poz0233.jpg 1 0 0 180 120
p/poz0173.jpg 1 0 0 180 120
p/poz0187.jpg 1 0 0 180 120
p/poz0207.jpg 1 0 0 180 120
p/poz0241.jpg 1 0 0 180 120
p/poz0268.jpg 1 0 0 180 120
p/poz0174.jpg 1 0 0 180 120
p/poz0178.jpg 1 0 0 180 120
p/poz0238.jpg 1 0 0 180 120
p/poz0133.jpg 1 0 0 180 120
p/poz0237.jpg 1 0 0 180 120
p/poz0147.jpg 1 0 0 180 120
p/poz0184.jpg 1 0 0 180 120
p/poz0262.jpg 1 0 0 180 120
p/poz0155.jpg 1 0 0 180 120
p/poz0269.jpg 1 0 0 180 120
p/poz0201.jpg 1 0 0 180 120
p/poz0239.jpg 1 0 0 180 120
p/poz0271.jpg 1 0 0 180 120
p/poz0191.jpg 1 0 0 180 120
p/poz0198.jpg 1 0 0 180 120
p/poz0197.jpg 1 0 0 180 120
p/poz0179.jpg 1 0 0 180 120
p/poz0139.jpg 1 0 0 180 120
p/poz0158.jpg 1 0 0 180 120
p/poz0209.jpg 1 0 0 180 120
p/poz0214.jpg 1 0 0 180 120
p/poz0145.jpg 1 0 0 180 120
p/poz0274.jpg 1 0 0 180 120
p/poz0231.jpg 1 0 0 180 120
p/poz0157.jpg 1 0 0 180 120
p/poz0227.jpg 1 0 0 180 120
p/poz0134.jpg 1 0 0 180 120
p/poz0176.jpg 1 0 0 180 120
p/poz0160.jpg 1 0 0 180 120
p/poz0226.jpg 1 0 0 180 120
p/poz0253.jpg 1 0 0 180 120
p/poz0259.jpg 1 0 0 180 120
p/poz0162.jpg 1 0 0 180 120
p/poz0232.jpg 1 0 0 180 120
p/poz0138.jpg 1 0 0 180 120
p/poz0328.jpg 1 0 0 180 120
p/poz0144.jpg 1 0 0 180 120
p/poz0212.jpg 1 0 0 180 120
p/poz0219.jpg 1 0 0 180 120
p/poz0204.jpg 1 0 0 180 120
p/poz0222.jpg 1 0 0 180 120
p/poz0230.jpg 1 0 0 180 120
p/poz0234.jpg 1 0 0 180 120
p/poz0255.jpg 1 0 0 180 120
p/poz0135.jpg 1 0 0 180 120
p/poz0267.jpg 1 0 0 180 120
p/poz0137.jpg 1 0 0 180 120
p/poz0190.jpg 1 0 0 180 120
p/poz0272.jpg 1 0 0 180 120
p/poz0224.jpg 1 0 0 180 120
p/poz0280.jpg 1 0 0 180 120
p/poz0166.jpg 1 0 0 180 120
p/poz0202.jpg 1 0 0 180 120
p/poz0217.jpg 1 0 0 180 120
p/poz0264.jpg 1 0 0 180 120
p/poz0273.jpg 1 0 0 180 120
p/poz0277.jpg 1 0 0 180 120
p/poz0148.jpg 1 0 0 180 120
p/poz0225.jpg 1 0 0 180 120
p/poz0251.jpg 1 0 0 180 120
p/poz0182.jpg 1 0 0 180 120
p/poz0195.jpg 1 0 0 180 120
p/poz0265.jpg 1 0 0 180 120
p/poz0152.jpg 1 0 0 180 120
p/poz0189.jpg 1 0 0 180 120
p/poz0165.jpg 1 0 0 180 120
p/poz0186.jpg 1 0 0 180 120
p/poz0278.jpg 1 0 0 180 120
p/poz0154.jpg 1 0 0 180 120
p/poz0242.jpg 1 0 0 180 120
p/poz0246.jpg 1 0 0 180 120
p/poz0261.jpg 1 0 0 180 120
p/poz0327.jpg 1 0 0 180 120
p/poz0172.jpg 1 0 0 180 120
p/poz0276.jpg 1 0 0 180 120
p/poz0216.jpg 1 0 0 180 120
p/poz0243.jpg 1 0 0 180 120
p/poz0153.jpg 1 0 0 180 120
p/poz0206.jpg 1 0 0 180 120
p/poz0199.jpg 1 0 0 180 120
p/poz0140.jpg 1 0 0 180 120
p/poz0223.jpg 1 0 0 180 120
p/poz0240.jpg 1 0 0 180 120
p/poz0169.jpg 1 0 0 180 120
p/poz0192.jpg 1 0 0 180 120
p/poz0326.jpg 1 0 0 180 120
p/poz0263.jpg 1 0 0 180 120
p/poz0196.jpg 1 0 0 180 120
p/poz0181.jpg 1 0 0 180 120
p/poz0245.jpg 1 0 0 180 120
p/poz0146.jpg 1 0 0 180 120
p/poz0279.jpg 1 0 0 180 120
p/poz0193.jpg 1 0 0 180 120
p/poz0248.jpg 1 0 0 180 120
p/poz0260.jpg 1 0 0 180 120
p/poz0235.jpg 1 0 0 180 120
p/poz0159.jpg 1 0 0 180 120
p/poz0180.jpg 1 0 0 180 120
p/poz0161.jpg 1 0 0 180 120
p/poz0229.jpg 1 0 0 180 120
p/poz0208.jpg 1 0 0 180 120
p/poz0175.jpg 1 0 0 180 120
p/poz0254.jpg 1 0 0 180 120
p/poz0183.jpg 1 0 0 180 120
p/poz0151.jpg 1 0 0 180 120
p/poz0218.jpg 1 0 0 180 120
p/poz0167.jpg 1 0 0 180 120
p/poz0210.jpg 1 0 0 180 120
p/poz0019_800x600.jpg 1 0 0 180 120
p/poz0020_800x600.jpg 1 0 0 180 120
p/poz0021_800x600.jpg 1 0 0 180 120
p/poz0013_800x600.jpg 1 0 0 180 120
p/poz0014_800x600.jpg 1 0 0 180 120
p/poz0015_800x600.jpg 1 0 0 180 120
p/poz0016_800x600.jpg 1 0 0 180 120
p/poz0017_800x600.jpg 1 0 0 180 120
p/poz0018_800x600.jpg 1 0 0 180 120
p/poz0008_800x600.jpg 1 0 0 180 120
p/poz0009_800x600.jpg 1 0 0 180 120
p/poz0010_800x600.jpg 1 0 0 180 120
p/poz0011_800x600.jpg 1 0 0 180 120
p/poz0012_800x600.jpg 1 0 0 180 120
p/poz0002_800x600.jpg 1 0 0 180 120
p/poz0003_800x600.jpg 1 0 0 180 120
p/poz0004_800x600.jpg 1 0 0 180 120
p/poz0005_800x600.jpg 1 0 0 180 120
p/poz0006_800x600.jpg 1 0 0 180 120
p/poz0007_800x600.jpg 1 0 0 180 120
p/poz0001_800x600.jpg 1 0 0 180 120
p/poz0043_800x600.jpg 1 0 0 180 120
p/poz0044_800x600.jpg 1 0 0 180 120
p/poz0045_800x600.jpg 1 0 0 180 120
p/poz0046_800x600.jpg 1 0 0 180 120
p/poz0047_800x600.jpg 1 0 0 180 120
p/poz0038_800x600.jpg 1 0 0 180 120
p/poz0039_800x600.jpg 1 0 0 180 120
p/poz0040_800x600.jpg 1 0 0 180 120
p/poz0041_800x600.jpg 1 0 0 180 120
p/poz0042_800x600.jpg 1 0 0 180 120
p/poz0033_800x600.jpg 1 0 0 180 120
p/poz0034_800x600.jpg 1 0 0 180 120
p/poz0035_800x600.jpg 1 0 0 180 120
p/poz0036_800x600.jpg 1 0 0 180 120
p/poz0037_800x600.jpg 1 0 0 180 120
p/poz0028_800x600.jpg 1 0 0 180 120
p/poz0029_800x600.jpg 1 0 0 180 120
p/poz0030_800x600.jpg 1 0 0 180 120
p/poz0031_800x600.jpg 1 0 0 180 120
p/poz0032_800x600.jpg 1 0 0 180 120
p/poz0024_800x600.jpg 1 0 0 180 120
p/poz0025_800x600.jpg 1 0 0 180 120
p/poz0026_800x600.jpg 1 0 0 180 120
p/poz0027_800x600.jpg 1 0 0 180 120
p/poz0022_800x600.jpg 1 0 0 180 120
p/poz0023_800x600.jpg 1 0 0 180 120