p/94_633_1607247800.8979025.png 1 0 0 180 120
p/93_535_1607247798.5140884.png 1 0 0 180 120
p/92_753_1607247797.8329241.png 1 0 0 180 120
p/91_502_1607247789.6592367.png 1 0 0 180 120
p/90_840_1607247755.6047747.png 1 0 0 180 120
p/89_739_1607247755.2643704.png 1 0 0 180 120
p/88_786_1607247754.9238055.png 1 0 0 180 120
p/87_749_1607247754.5833461.png 1 0 0 180 120
p/86_777_1607247754.2088518.png 1 0 0 180 120
p/85_536_1607247753.8683343.png 1 0 0 180 120
p/84_522_1607247753.527685.png 1 0 0 180 120
p/83_703_1607247753.18714.png 1 0 0 180 120
p/82_536_1607247747.3981645.png 1 0 0 180 120
p/81_541_1607247743.3121727.png 1 0 0 180 120
p/80_518_1607247742.9714859.png 1 0 0 180 120
p/79_510_1607247740.9279346.png 1 0 0 180 120
p/78_525_1607247739.5653815.png 1 0 0 180 120
p/77_541_1607247738.2033305.png 1 0 0 180 120
p/76_553_1607247737.8627858.png 1 0 0 180 120
p/75_505_1607247737.1818004.png 1 0 0 180 120
p/74_744_1607247735.138342.png 1 0 0 180 120
p/73_692_1607247734.7977962.png 1 0 0 180 120
p/72_759_1607247734.4562109.png 1 0 0 180 120
p/71_738_1607247734.1157706.png 1 0 0 180 120
p/70_777_1607247733.434974.png 1 0 0 180 120
p/69_693_1607247733.094495.png 1 0 0 180 120
p/68_779_1607247732.7539067.png 1 0 0 180 120
p/67_744_1607247732.4134266.png 1 0 0 180 120
p/66_758_1607247732.0729804.png 1 0 0 180 120
p/65_635_1607247731.3921075.png 1 0 0 180 120
p/64_663_1607247731.051645.png 1 0 0 180 120
p/63_708_1607247730.710919.png 1 0 0 180 120
p/62_503_1607247730.3705268.png 1 0 0 180 120
p/61_825_1607247730.0300815.png 1 0 0 180 120
p/60_652_1607247729.689537.png 1 0 0 180 120
p/59_583_1607247729.3489776.png 1 0 0 180 120
p/58_648_1607247729.008608.png 1 0 0 180 120
p/57_635_1607247728.3275418.png 1 0 0 180 120
p/56_523_1607247727.9870183.png 1 0 0 180 120
p/55_698_1607247726.2837312.png 1 0 0 180 120
p/54_665_1607247725.2622921.png 1 0 0 180 120
p/53_584_1607247724.9216325.png 1 0 0 180 120
p/52_520_1607247724.5809758.png 1 0 0 180 120
p/51_687_1607247724.2405078.png 1 0 0 180 120
p/50_794_1607247723.9000974.png 1 0 0 180 120
p/49_778_1607247723.559535.png 1 0 0 180 120
p/48_629_1607247723.219121.png 1 0 0 180 120
p/47_633_1607247722.8785958.png 1 0 0 180 120
p/46_573_1607247722.5380929.png 1 0 0 180 120
p/45_631_1607247722.1975553.png 1 0 0 180 120
p/44_520_1607247721.856793.png 1 0 0 180 120
p/43_560_1607247720.494601.png 1 0 0 180 120
p/42_537_1607247719.1321428.png 1 0 0 180 120
p/41_610_1607247718.791679.png 1 0 0 180 120
p/40_690_1607247715.045713.png 1 0 0 180 120
p/39_728_1607247714.7056804.png 1 0 0 180 120
p/38_741_1607247714.3640287.png 1 0 0 180 120
p/37_723_1607247714.023536.png 1 0 0 180 120
p/36_697_1607247713.6830037.png 1 0 0 180 120
p/35_658_1607247713.0019755.png 1 0 0 180 120
p/34_596_1607247711.6399343.png 1 0 0 180 120
p/33_520_1607247709.9366553.png 1 0 0 180 120
p/32_522_1607247707.2121058.png 1 0 0 180 120
p/31_583_1607247706.8716712.png 1 0 0 180 120
p/30_627_1607247706.1896195.png 1 0 0 180 120
p/29_698_1607247705.509572.png 1 0 0 180 120
p/28_507_1607247704.8284457.png 1 0 0 180 120
p/27_588_1607247704.486892.png 1 0 0 180 120
p/26_585_1607247704.146127.png 1 0 0 180 120
p/25_679_1607247703.805558.png 1 0 0 180 120
p/24_727_1607247703.1255648.png 1 0 0 180 120
p/23_627_1607247702.4447434.png 1 0 0 180 120
p/22_738_1607247702.103244.png 1 0 0 180 120
p/21_637_1607247701.4223056.png 1 0 0 180 120
p/20_788_1607247701.0827973.png 1 0 0 180 120
p/19_773_1607247700.7413359.png 1 0 0 180 120
p/18_900_1607247700.4008994.png 1 0 0 180 120
p/17_850_1607247700.0604196.png 1 0 0 180 120
p/16_913_1607247699.719933.png 1 0 0 180 120
p/15_862_1607247699.3796296.png 1 0 0 180 120
p/14_648_1607247698.3580613.png 1 0 0 180 120
p/13_690_1607247698.0185363.png 1 0 0 180 120
p/12_670_1607247697.3365686.png 1 0 0 180 120
p/11_782_1607247695.2944863.png 1 0 0 180 120
p/10_767_1607247694.9530516.png 1 0 0 180 120
p/9_802_1607247694.6122594.png 1 0 0 180 120
p/8_713_1607247694.2716928.png 1 0 0 180 120
p/7_757_1607247693.931242.png 1 0 0 180 120
p/6_817_1607247693.5907145.png 1 0 0 180 120
p/5_883_1607247693.2501054.png 1 0 0 180 120
p/4_867_1607247692.9096482.png 1 0 0 180 120
p/3_692_1607247692.56919.png 1 0 0 180 120
p/2_884_1607247691.8888621.png 1 0 0 180 120
p/1_953_1607247691.547447.png 1 0 0 180 120
p/0_501_1607247690.5253522.png 1 0 0 180 120