p/poz0043.png 1 0 0 180 120
p/poz0041.png 1 0 0 180 120
p/poz0040.png 1 0 0 180 120
p/poz0037.png 1 0 0 180 120
p/poz0035.png 1 0 0 180 120
p/poz0033.png 1 0 0 180 120
p/poz0031.png 1 0 0 180 120
p/poz0024.png 1 0 0 180 120
p/poz0022.png 1 0 0 180 120
p/poz0020.png 1 0 0 180 120
p/poz0019.png 1 0 0 180 120
p/poz0017.png 1 0 0 180 120
p/poz0015.png 1 0 0 180 120
p/poz0013.png 1 0 0 180 120
p/poz0010.png 1 0 0 180 120
p/poz0008.png 1 0 0 180 120
p/poz0006.png 1 0 0 180 120
p/poz0030.png 1 0 0 180 120
p/poz0004.png 1 0 0 180 120
p/poz0028.png 1 0 0 180 120
p/poz0005.png 1 0 0 180 120
p/poz0026.png 1 0 0 180 120
p/poz0003.png 1 0 0 180 120
p/poz0027.png 1 0 0 180 120
p/poz0001.png 1 0 0 180 120
p/poz0047.png 1 0 0 180 120
p/poz0046.png 1 0 0 180 120
p/poz0045.png 1 0 0 180 120
p/poz0044.png 1 0 0 180 120
p/poz0042.png 1 0 0 180 120
p/poz0039.png 1 0 0 180 120
p/poz0038.png 1 0 0 180 120
p/poz0036.png 1 0 0 180 120
p/poz0034.png 1 0 0 180 120
p/poz0032.png 1 0 0 180 120
p/poz0025.png 1 0 0 180 120
p/poz0023.png 1 0 0 180 120
p/poz0021.png 1 0 0 180 120
p/poz0018.png 1 0 0 180 120
p/poz0016.png 1 0 0 180 120
p/poz0014.png 1 0 0 180 120
p/poz0012.png 1 0 0 180 120
p/poz0011.png 1 0 0 180 120
p/poz0009.png 1 0 0 180 120
p/poz0007.png 1 0 0 180 120
p/poz0029.png 1 0 0 180 120
p/poz0002.png 1 0 0 180 120